# JRE version: Java(TM) SE Runtime Environment 18.9 (11.0.10+8) (build 11.0.10+8-LTS-162)
# Java VM: Java HotSpot(TM) 64-Bit Server VM 18.9 (11.0.10+8-LTS-162, mixed mode, tiered, compressed oops, g1 gc, windows-amd64)
Heap:
 garbage-first heap   total 262144K, used 153619K [0x00000000e0000000, 0x0000000100000000)
  region size 1024K, 135 young (138240K), 15 survivors (15360K)
 Metaspace       used 54982K, capacity 56683K, committed 56956K, reserved 303104K
  class space    used 7273K, capacity 7894K, committed 7936K, reserved 253952K
GC Heap History (10 events):
Event: 0.559 GC heap before
{Heap before GC invocations=0 (full 0):
 garbage-first heap   total 262144K, used 29696K [0x00000000e0000000, 0x0000000100000000)
  region size 1024K, 24 young (24576K), 0 survivors (0K)
 Metaspace       used 9624K, capacity 9841K, committed 9984K, reserved 264192K
  class space    used 945K, capacity 1008K, committed 1024K, reserved 253952K
}
Event: 0.564 GC heap after
{Heap after GC invocations=1 (full 0):
 garbage-first heap   total 262144K, used 9119K [0x00000000e0000000, 0x0000000100000000)
  region size 1024K, 3 young (3072K), 3 survivors (3072K)
 Metaspace       used 9624K, capacity 9841K, committed 9984K, reserved 264192K
  class space    used 945K, capacity 1008K, committed 1024K, reserved 253952K
}
Event: 2.115 GC heap before
{Heap before GC invocations=1 (full 0):
 garbage-first heap   total 262144K, used 126879K [0x00000000e0000000, 0x0000000100000000)
  region size 1024K, 119 young (121856K), 3 survivors (3072K)
 Metaspace       used 20673K, capacity 21188K, committed 21296K, reserved 274432K
  class space    used 2503K, capacity 2668K, committed 2688K, reserved 253952K
}
Event: 2.124 GC heap after
{Heap after GC invocations=2 (full 0):
 garbage-first heap   total 262144K, used 17371K [0x00000000e0000000, 0x0000000100000000)
  region size 1024K, 12 young (12288K), 12 survivors (12288K)
 Metaspace       used 20673K, capacity 21188K, committed 21296K, reserved 274432K
  class space    used 2503K, capacity 2668K, committed 2688K, reserved 253952K
}
Event: 2.554 GC heap before
{Heap before GC invocations=3 (full 0):
 garbage-first heap   total 262144K, used 65499K [0x00000000e0000000, 0x0000000100000000)
  region size 1024K, 59 young (60416K), 12 survivors (12288K)
 Metaspace       used 25143K, capacity 25765K, committed 25904K, reserved 276480K
  class space    used 3211K, capacity 3429K, committed 3456K, reserved 253952K
}
Event: 2.561 GC heap after
{Heap after GC invocations=4 (full 0):
 garbage-first heap   total 262144K, used 19015K [0x00000000e0000000, 0x0000000100000000)
  region size 1024K, 3 young (3072K), 3 survivors (3072K)
 Metaspace       used 25143K, capacity 25765K, committed 25904K, reserved 276480K
  class space    used 3211K, capacity 3429K, committed 3456K, reserved 253952K
}
Event: 3.330 GC heap before
{Heap before GC invocations=4 (full 0):
 garbage-first heap   total 262144K, used 92743K [0x00000000e0000000, 0x0000000100000000)
  region size 1024K, 76 young (77824K), 3 survivors (3072K)
 Metaspace       used 34937K, capacity 35618K, committed 35708K, reserved 286720K
  class space    used 4517K, capacity 4802K, committed 4864K, reserved 253952K
}
Event: 3.335 GC heap after
{Heap after GC invocations=5 (full 0):
 garbage-first heap   total 262144K, used 22343K [0x00000000e0000000, 0x0000000100000000)
  region size 1024K, 6 young (6144K), 6 survivors (6144K)
 Metaspace       used 34937K, capacity 35618K, committed 35708K, reserved 286720K
  class space    used 4517K, capacity 4802K, committed 4864K, reserved 253952K
}
Event: 4.737 GC heap before
{Heap before GC invocations=6 (full 0):
 garbage-first heap   total 262144K, used 171847K [0x00000000e0000000, 0x0000000100000000)
  region size 1024K, 149 young (152576K), 6 survivors (6144K)
 Metaspace       used 48094K, capacity 49323K, committed 49532K, reserved 296960K
  class space    used 6158K, capacity 6590K, committed 6656K, reserved 253952K
}
Event: 4.750 GC heap after
{Heap after GC invocations=7 (full 0):
 garbage-first heap   total 262144K, used 31763K [0x00000000e0000000, 0x0000000100000000)
  region size 1024K, 15 young (15360K), 15 survivors (15360K)
 Metaspace       used 48094K, capacity 49323K, committed 49532K, reserved 296960K
  class space    used 6158K, capacity 6590K, committed 6656K, reserved 253952K
}

