# JRE version: Java(TM) SE Runtime Environment 18.9 (11.0.10+8) (build 11.0.10+8-LTS-162)
# Java VM: Java HotSpot(TM) 64-Bit Server VM 18.9 (11.0.10+8-LTS-162, mixed mode, tiered, compressed oops, g1 gc, windows-amd64)
Heap:
 garbage-first heap   total 262144K, used 44976K [0x00000000e0000000, 0x0000000100000000)
  region size 1024K, 29 young (29696K), 2 survivors (2048K)
 Metaspace       used 25927K, capacity 26555K, committed 26800K, reserved 280576K
  class space    used 3350K, capacity 3583K, committed 3584K, reserved 253952K
GC Heap History (6 events):
Event: 0.557 GC heap before
{Heap before GC invocations=0 (full 0):
 garbage-first heap   total 262144K, used 29696K [0x00000000e0000000, 0x0000000100000000)
  region size 1024K, 24 young (24576K), 0 survivors (0K)
 Metaspace       used 9630K, capacity 9857K, committed 9984K, reserved 264192K
  class space    used 944K, capacity 1008K, committed 1024K, reserved 253952K
}
Event: 0.561 GC heap after
{Heap after GC invocations=1 (full 0):
 garbage-first heap   total 262144K, used 9372K [0x00000000e0000000, 0x0000000100000000)
  region size 1024K, 3 young (3072K), 3 survivors (3072K)
 Metaspace       used 9630K, capacity 9857K, committed 9984K, reserved 264192K
  class space    used 944K, capacity 1008K, committed 1024K, reserved 253952K
}
Event: 2.103 GC heap before
{Heap before GC invocations=1 (full 0):
 garbage-first heap   total 262144K, used 127132K [0x00000000e0000000, 0x0000000100000000)
  region size 1024K, 119 young (121856K), 3 survivors (3072K)
 Metaspace       used 20661K, capacity 21204K, committed 21296K, reserved 274432K
  class space    used 2502K, capacity 2668K, committed 2688K, reserved 253952K
}
Event: 2.111 GC heap after
{Heap after GC invocations=2 (full 0):
 garbage-first heap   total 262144K, used 17268K [0x00000000e0000000, 0x0000000100000000)
  region size 1024K, 11 young (11264K), 11 survivors (11264K)
 Metaspace       used 20661K, capacity 21204K, committed 21296K, reserved 274432K
  class space    used 2502K, capacity 2668K, committed 2688K, reserved 253952K
}
Event: 2.340 GC heap before
{Heap before GC invocations=3 (full 0):
 garbage-first heap   total 262144K, used 45940K [0x00000000e0000000, 0x0000000100000000)
  region size 1024K, 39 young (39936K), 11 survivors (11264K)
 Metaspace       used 23231K, capacity 23750K, committed 24112K, reserved 276480K
  class space    used 2922K, capacity 3111K, committed 3200K, reserved 253952K
}
Event: 2.348 GC heap after
{Heap after GC invocations=4 (full 0):
 garbage-first heap   total 262144K, used 18352K [0x00000000e0000000, 0x0000000100000000)
  region size 1024K, 2 young (2048K), 2 survivors (2048K)
 Metaspace       used 23231K, capacity 23750K, committed 24112K, reserved 276480K
  class space    used 2922K, capacity 3111K, committed 3200K, reserved 253952K
}

